>>>> O/S ERROR: signal  11 caught in file "o:\nx1847\ip2100\drv\part\no\ind\ja_part_collection_jam.cxx" at line number 980
*** EXCEPTION: O/S ERROR: signal  11 in line 2593 of D:\workdir\groups\NX_Atlas_SaaS_POC_Group_wntx64\src\syss\error\ind\error.cxx at Tue Oct 30 15:09:17 2018 China Standard Time
Session Key d8b65134-840b-4673-a4b5-01b65ac58235
﻿>>>> O/S ERROR: signal  11 caught in file "o:\nx1847\ip2100\drv\part\no\ind\ja_part_collection_jam.cxx" at line number 980
*** EXCEPTION: O/S ERROR: signal  11 in line 2593 of D:\workdir\groups\NX_Atlas_SaaS_POC_Group_wntx64\src\syss\error\ind\error.cxx at Tue Oct 30 15:09:17 2018 China Standard Time
Session Key d8b65134-840b-4673-a4b5-01b65ac58235
﻿>>>> O/S ERROR: signal  11 caught in file "o:\nx1847\ip2100\drv\part\no\ind\ja_part_collection_jam.cxx" at line number 980
*** EXCEPTION: O/S ERROR: signal  11 in line 2593 of D:\workdir\groups\NX_Atlas_SaaS_POC_Group_wntx64\src\syss\error\ind\error.cxx at Tue Oct 30 15:09:17 2018 China Standard Time
Session Key d8b65134-840b-4673-a4b5-01b65ac58235
﻿>>>> O/S ERROR: signal  11 caught in file "o:\nx1847\ip2100\drv\part\no\ind\ja_part_collection_jam.cxx" at line number 980
*** EXCEPTION: O/S ERROR: signal  11 in line 2593 of D:\workdir\groups\NX_Atlas_SaaS_POC_Group_wntx64\src\syss\error\ind\error.cxx at Tue Oct 30 15:09:17 2018 China Standard Time
Session Key d8b65134-840b-4673-a4b5-01b65ac58235
﻿>>>> O/S ERROR: signal  11 caught in file "o:\nx1847\ip2100\drv\part\no\ind\ja_part_collection_jam.cxx" at line number 980
*** EXCEPTION: O/S ERROR: signal  11 in line 2593 of D:\workdir\groups\NX_Atlas_SaaS_POC_Group_wntx64\src\syss\error\ind\error.cxx at Tue Oct 30 15:09:17 2018 China Standard Time
Session Key d8b65134-840b-4673-a4b5-01b65ac58235
﻿>>>> O/S ERROR: signal  11 caught in file "o:\nx1847\ip2100\drv\part\no\ind\ja_part_collection_jam.cxx" at line number 980
*** EXCEPTION: O/S ERROR: signal  11 in line 2593 of D:\workdir\groups\NX_Atlas_SaaS_POC_Group_wntx64\src\syss\error\ind\error.cxx at Tue Oct 30 15:09:17 2018 China Standard Time
Session Key d8b65134-840b-4673-a4b5-01b65ac58235
﻿{"INPUT": {"Class": "NXOpen.AtlasSession", "Json": {"Class":"SPLM.AtlasSession","AccessKey":"","SecretKey":"","Bucket":"contentportal-data","Region":"us-east-1","Session":"d8b65134-840b-4673-a4b5-01b65ac58235"}},"OUTPUT":{"AccessKey":"property AccessKey not found","SecretKey":"property SecretKey not found","Bucket":"property Bucket not found","Region":"property Region not found"}}
﻿{"INPUT": {"Class": "NXOpen.AtlasSession", "Json": {"Class":"SPLM.AtlasSession","AccessKey":"","SecretKey":"","Bucket":"contentportal-data","Region":"us-east-1","Session":"d8b65134-840b-4673-a4b5-01b65ac58235"}},"OUTPUT":{"AccessKey":"property AccessKey not found","SecretKey":"property SecretKey not found","Bucket":"property Bucket not found","Region":"property Region not found"}}
﻿{"INPUT": {"Class": "NXOpen.AtlasSession", "Json": {"Class":"SPLM.AtlasSession","AccessKey":"","SecretKey":"","Bucket":"contentportal-data","Region":"us-east-1","Session":"d8b65134-840b-4673-a4b5-01b65ac58235"}},"OUTPUT":{"AccessKey":"property AccessKey not found","SecretKey":"property SecretKey not found","Bucket":"property Bucket not found","Region":"property Region not found"}}
﻿{"INPUT": {"Class": "NXOpen.AtlasSession", "Json": {"Class":"SPLM.AtlasSession","AccessKey":"","SecretKey":"","Bucket":"contentportal-data","Region":"us-east-1","Session":"d8b65134-840b-4673-a4b5-01b65ac58235"}},"OUTPUT":{"AccessKey":"property AccessKey not found","SecretKey":"property SecretKey not found","Bucket":"property Bucket not found","Region":"property Region not found"}}
﻿{"INPUT": {"Class": "NXOpen.AtlasSession", "Json": {"Class":"SPLM.AtlasSession","AccessKey":"","SecretKey":"","Bucket":"contentportal-data","Region":"us-east-1","Session":"d8b65134-840b-4673-a4b5-01b65ac58235"}},"OUTPUT":{"AccessKey":"property AccessKey not found","SecretKey":"property SecretKey not found","Bucket":"property Bucket not found","Region":"property Region not found"}}
﻿{"INPUT": {"Class": "NXOpen.AtlasSession", "Json": {"Class":"SPLM.AtlasSession","AccessKey":"","SecretKey":"","Bucket":"contentportal-data","Region":"us-east-1","Session":"d8b65134-840b-4673-a4b5-01b65ac58235"}},"OUTPUT":{"AccessKey":"property AccessKey not found","SecretKey":"property SecretKey not found","Bucket":"property Bucket not found","Region":"property Region not found"}}
﻿{"INPUT": {"Class": "NXOpen.AtlasSession", "Json": {"Class":"SPLM.AtlasSession","AccessKey":"","SecretKey":"","Bucket":"contentportal-data","Region":"us-east-1","Session":"d8b65134-840b-4673-a4b5-01b65ac58235"}},"OUTPUT":{"AccessKey":"property AccessKey not found","SecretKey":"property SecretKey not found","Bucket":"property Bucket not found","Region":"property Region not found"}}
﻿{"INPUT": {"Class": "NXOpen.AtlasSession", "Json": {"Class":"SPLM.AtlasSession","AccessKey":"","SecretKey":"","Bucket":"contentportal-data","Region":"us-east-1","Session":"d8b65134-840b-4673-a4b5-01b65ac58235"}},"OUTPUT":{"AccessKey":"property AccessKey not found","SecretKey":"property SecretKey not found","Bucket":"property Bucket not found","Region":"property Region not found"}}
﻿{"INPUT": {"Class": "NXOpen.AtlasSession", "Json": {"Class":"SPLM.AtlasSession","AccessKey":"","SecretKey":"","Bucket":"contentportal-data","Region":"us-east-1","Session":"d8b65134-840b-4673-a4b5-01b65ac58235"}},"OUTPUT":{"AccessKey":"property AccessKey not found","SecretKey":"property SecretKey not found","Bucket":"property Bucket not found","Region":"property Region not found"}}
﻿{"INPUT": {"Class": "NXOpen.AtlasSession", "Json": {"Class":"SPLM.AtlasSession","AccessKey":"","SecretKey":"","Bucket":"contentportal-data","Region":"us-east-1","Session":"d8b65134-840b-4673-a4b5-01b65ac58235"}},"OUTPUT":{"AccessKey":"property AccessKey not found","SecretKey":"property SecretKey not found","Bucket":"property Bucket not found","Region":"property Region not found"}}
﻿{"INPUT": {"Class": "NXOpen.AtlasSession", "Json": {"Class":"SPLM.AtlasSession","AccessKey":"","SecretKey":"","Bucket":"contentportal-data","Region":"us-east-1","Session":"d8b65134-840b-4673-a4b5-01b65ac58235"}},"OUTPUT":{"AccessKey":"property AccessKey not found","SecretKey":"property SecretKey not found","Bucket":"property Bucket not found","Region":"property Region not found"}}
﻿{"INPUT": {"Class": "NXOpen.AtlasSession", "Json": {"Class":"SPLM.AtlasSession","AccessKey":"","SecretKey":"","Bucket":"contentportal-data","Region":"us-east-1","Session":"d8b65134-840b-4673-a4b5-01b65ac58235"}},"OUTPUT":{"AccessKey":"property AccessKey not found","SecretKey":"property SecretKey not found","Bucket":"property Bucket not found","Region":"property Region not found"}}
﻿{"INPUT": {"Class": "NXOpen.AtlasSession", "Json": {"Class":"SPLM.AtlasSession","AccessKey":"","SecretKey":"","Bucket":"contentportal-data","Region":"us-east-1","Session":"d8b65134-840b-4673-a4b5-01b65ac58235"}},"OUTPUT":{"AccessKey":"property AccessKey not found","SecretKey":"property SecretKey not found","Bucket":"property Bucket not found","Region":"property Region not found"}}
﻿{"INPUT": {"Class": "NXOpen.AtlasSession", "Json": {"Class":"SPLM.AtlasSession","AccessKey":"","SecretKey":"","Bucket":"contentportal-data","Region":"us-east-1","Session":"d8b65134-840b-4673-a4b5-01b65ac58235"}},"OUTPUT":{"AccessKey":"property AccessKey not found","SecretKey":"property SecretKey not found","Bucket":"property Bucket not found","Region":"property Region not found"}}
﻿{"INPUT": {"Class": "NXOpen.AtlasSession", "Json": {"Class":"SPLM.AtlasSession","AccessKey":"007","SecretKey":"ZW","Bucket":"contentportal-data","Region":"us-east-1","Session":"d8b65134-840b-4673-a4b5-01b65ac58235"}},"OUTPUT":{"AccessKey":"property AccessKey not found","SecretKey":"property SecretKey not found","Bucket":"property Bucket not found","Region":"property Region not found"}}
﻿{"INPUT": {"Class": "NXOpen.AtlasSession", "Json": {"Class":"SPLM.AtlasSession","AccessKey":"007","SecretKey":"ZW","Bucket":"contentportal-data","Region":"us-east-1","Session":"d8b65134-840b-4673-a4b5-01b65ac58235"}},"OUTPUT":{"AccessKey":"property AccessKey not found","SecretKey":"property SecretKey not found","Bucket":"property Bucket not found","Region":"property Region not found"}}
﻿{"INPUT": {"Class": "NXOpen.AtlasSession", "Json": {"Class":"SPLM.AtlasSession","AccessKey":"007","SecretKey":"ZW","Bucket":"contentportal-data","Region":"us-east-1","Session":"d8b65134-840b-4673-a4b5-01b65ac58235"}},"OUTPUT":{"AccessKey":"property AccessKey not found","SecretKey":"property SecretKey not found","Bucket":"property Bucket not found","Region":"property Region not found"}}
﻿{"INPUT": {"Class": "NXOpen.AtlasSession", "Json": {"Class":"SPLM.AtlasSession","AccessKey":"007","SecretKey":"ZW","Bucket":"contentportal-data","Region":"us-east-1","Session":"d8b65134-840b-4673-a4b5-01b65ac58235"}},"OUTPUT":{"AccessKey":"property AccessKey not found","SecretKey":"property SecretKey not found","Bucket":"property Bucket not found","Region":"property Region not found"}}
﻿{"INPUT": {"Class": "NXOpen.AtlasSession", "Json": {"Class":"SPLM.AtlasSession","AccessKey":"007","SecretKey":"ZW","Bucket":"contentportal-data","Region":"us-east-1","Session":"d8b65134-840b-4673-a4b5-01b65ac58235"}},"OUTPUT":{"AccessKey":"property AccessKey not found","SecretKey":"property SecretKey not found","Bucket":"property Bucket not found","Region":"property Region not found"}}
﻿{"INPUT": {"Class": "NXOpen.AtlasSession", "Json": {"Class":"SPLM.AtlasSession","AccessKey":"007","SecretKey":"ZW","Bucket":"contentportal-data","Region":"us-east-1","Session":"d8b65134-840b-4673-a4b5-01b65ac58235"}},"OUTPUT":{"AccessKey":"property AccessKey not found","SecretKey":"property SecretKey not found","Bucket":"property Bucket not found","Region":"property Region not found"}}
﻿{"INPUT": {"Class": "NXOpen.AtlasSession", "Json": {"Class":"SPLM.AtlasSession","AccessKey":"007","SecretKey":"ZW","Bucket":"contentportal-data","Region":"us-east-1","Session":"d8b65134-840b-4673-a4b5-01b65ac58235"}},"OUTPUT":{"AccessKey":"property AccessKey not found","SecretKey":"property SecretKey not found","Bucket":"property Bucket not found","Region":"property Region not found"}}
﻿{"INPUT": {"Class": "NXOpen.AtlasSession", "Json": {"Class":"SPLM.AtlasSession","AccessKey":"007","SecretKey":"ZW","Bucket":"contentportal-data","Region":"us-east-1","Session":"d8b65134-840b-4673-a4b5-01b65ac58235"}},"OUTPUT":{"AccessKey":"property AccessKey not found","SecretKey":"property SecretKey not found","Bucket":"property Bucket not found","Region":"property Region not found"}}
﻿{"INPUT": {"Class": "NXOpen.AtlasSession", "Json": {"Class":"SPLM.AtlasSession","AccessKey":"007","SecretKey":"ZW","Bucket":"contentportal-data","Region":"us-east-1","Session":"d8b65134-840b-4673-a4b5-01b65ac58235"}},"OUTPUT":{"AccessKey":"property AccessKey not found","SecretKey":"property SecretKey not found","Bucket":"property Bucket not found","Region":"property Region not found"}}
﻿{"INPUT": {"Class": "NXOpen.AtlasSession", "Json": {"Class":"SPLM.AtlasSession","AccessKey":"007","SecretKey":"ZW","Bucket":"contentportal-data","Region":"us-east-1","Session":"d8b65134-840b-4673-a4b5-01b65ac58235"}},"OUTPUT":{"AccessKey":"property AccessKey not found","SecretKey":"property SecretKey not found","Bucket":"property Bucket not found","Region":"property Region not found"}}
﻿>>>> O/S ERROR: signal  11 caught in file "o:\nx1847\ip2100\drv\part\no\ind\ja_part_collection_jam.cxx" at line number 980
﻿>>>> O/S ERROR: signal  11 caught in file "o:\nx1847\ip2100\drv\part\no\ind\ja_part_collection_jam.cxx" at line number 980
﻿>>>> O/S ERROR: signal  11 caught in file "o:\nx1847\ip2100\drv\part\no\ind\ja_part_collection_jam.cxx" at line number 980
﻿>>>> O/S ERROR: signal  11 caught in file "o:\nx1847\ip2100\drv\part\no\ind\ja_part_collection_jam.cxx" at line number 980
﻿>>>> O/S ERROR: signal  11 caught in file "o:\nx1847\ip2100\drv\part\no\ind\ja_part_collection_jam.cxx" at line number 980
﻿>>>> O/S ERROR: signal  11 caught in file "o:\nx1847\ip2100\drv\part\no\ind\ja_part_collection_jam.cxx" at line number 980
﻿>>>> O/S ERROR: signal  11 caught in file "o:\nx1847\ip2100\drv\part\no\ind\ja_part_collection_jam.cxx" at line number 980
﻿>>>> O/S ERROR: signal  11 caught in file "o:\nx1847\ip2100\drv\part\no\ind\ja_part_collection_jam.cxx" at line number 980
﻿>>>> O/S ERROR: signal  11 caught in file "o:\nx1847\ip2100\drv\part\no\ind\ja_part_collection_jam.cxx" at line number 980
﻿>>>> O/S ERROR: signal  11 caught in file "o:\nx1847\ip2100\drv\part\no\ind\ja_part_collection_jam.cxx" at line number 980
﻿>>>> O/S ERROR: signal  11 caught in file "o:\nx1847\ip2100\drv\part\no\ind\ja_part_collection_jam.cxx" at line number 980
﻿>>>> O/S ERROR: signal  11 caught in file "o:\nx1847\ip2100\drv\part\no\ind\ja_part_collection_jam.cxx" at line number 980
﻿{"API":[{"ObjectId":{"Class":"SPLM.PartCollection","OpenBaseDisplay":{"filename":"D:\\workdir\\prt\\SE_Stand.prt"}},"Class":"SPLM.Part"}],"ApiId":2}

﻿{"API":[{"ObjectId":{"Class":"SPLM.PartCollection","OpenBaseDisplay":{"filename":"D:\\workdir\\prt\\SE_Stand.prt"}},"Class":"SPLM.Part"}],"ApiId":2}
{"API_RESULT":[{"API_Error":11,"API_Message":"Internal error: memory access violation"}]}
